<?xml version="1.0" encoding="UTF-8"?>
<!-- Generated by org.testng.reporters.JUnitReportReporter -->
<testsuite hostname="DESKTOP-HR3D1JD" failures="0" tests="1" name="firstpac_mvn.FirstApp" time="22.240" errors="0" timestamp="2024-07-03T13:39:07 IST" skipped="0">
  <testcase classname="firstpac_mvn.FirstApp" name="test" time="22.240"/>
  <system-out/>
</testsuite> <!-- firstpac_mvn.FirstApp -->
