<?xml version="1.0" encoding="UTF-8"?>
<!-- Generated by org.testng.reporters.JUnitReportReporter -->
<testsuite hostname="DESKTOP-HR3D1JD" failures="0" tests="1" name="projectOrange.OrangeHRM" time="39.543" errors="0" timestamp="2024-07-04T18:53:05 IST" skipped="0">
  <testcase classname="projectOrange.OrangeHRM" name="hrm" time="39.543"/>
  <system-out/>
</testsuite> <!-- projectOrange.OrangeHRM -->
