<?xml version="1.0" encoding="UTF-8"?>
<!-- Generated by org.testng.reporters.JUnitReportReporter -->
<testsuite hostname="DESKTOP-HR3D1JD" failures="0" tests="1" name="firstpac_mvn.Maven" time="0.007" errors="0" timestamp="2024-07-03T13:39:50 IST" skipped="0">
  <testcase classname="firstpac_mvn.Maven" name="a" time="0.007"/>
  <system-out>
    <![CDATA[login]]>
  </system-out>
</testsuite> <!-- firstpac_mvn.Maven -->
